<?xml version="1.0" encoding="UTF-8"?>
<!-- Generated by org.testng.reporters.JUnitReportReporter -->
<testsuite hostname="TL360" failures="0" tests="1" name="com.rmg.ProjectTest.SampleProjectTest" time="1.104" errors="0" timestamp="24 Sep 2021 10:28:22 GMT">
  <testcase classname="com.rmg.ProjectTest.SampleProjectTest" name="getAllProjectTest" time="1.104"/>
</testsuite> <!-- com.rmg.ProjectTest.SampleProjectTest -->
